2023-05-12 23:46:36 [INFO ] c.p.r.NativeLoader:64 - ********************************
2023-05-12 23:46:36 [INFO ] c.p.r.NativeLoader:65 - Native library search paths: 
2023-05-12 23:46:36 [INFO ] c.p.r.NativeLoader:992 - /Users/aleksandraastaskina/.config/PVS-Studio-Java/7.21.64848
2023-05-12 23:46:36 [INFO ] c.p.r.NativeLoader:992 - .
2023-05-12 23:46:36 [INFO ] c.p.r.NativeLoader:992 - /Users/aleksandraastaskina/.config/PVS-Studio-Java/7.21.64848/..
2023-05-12 23:46:36 [INFO ] c.p.r.NativeLoader:992 - /Users/aleksandraastaskina/.config/PVS-Studio-Java/7.21.64848/../..
2023-05-12 23:46:36 [INFO ] c.p.r.NativeLoader:992 - /Users/aleksandraastaskina/.config/PVS-Studio-Java/7.21.64848/../../build
2023-05-12 23:46:36 [INFO ] c.p.r.NativeLoader:67 - Additional path: native/mac
2023-05-12 23:46:36 [INFO ] c.p.r.NativeLoader:64 - ********************************
2023-05-12 23:46:36 [INFO ] c.p.r.NativeLoader:65 - Native library search paths: 
2023-05-12 23:46:36 [INFO ] c.p.r.NativeLoader:76 - Native library found: /Users/aleksandraastaskina/.config/PVS-Studio-Java/7.21.64848/native/mac/libanalysis-core.dylib
2023-05-12 23:46:36 [INFO ] c.p.r.NativeLoader:77 - ********************************
2023-05-12 23:46:36 [INFO ] c.p.r.NativeLoader:992 - /Users/aleksandraastaskina/.config/PVS-Studio-Java/7.21.64848
2023-05-12 23:46:36 [INFO ] c.p.r.NativeLoader:992 - .
2023-05-12 23:46:36 [INFO ] c.p.r.NativeLoader:992 - /Users/aleksandraastaskina/.config/PVS-Studio-Java/7.21.64848/..
2023-05-12 23:46:36 [INFO ] c.p.r.NativeLoader:992 - /Users/aleksandraastaskina/.config/PVS-Studio-Java/7.21.64848/../..
2023-05-12 23:46:36 [INFO ] c.p.r.NativeLoader:992 - /Users/aleksandraastaskina/.config/PVS-Studio-Java/7.21.64848/../../build
2023-05-12 23:46:36 [INFO ] c.p.r.NativeLoader:67 - Additional path: native/mac
2023-05-12 23:46:36 [INFO ] c.p.r.NativeLoader:76 - Native library found: /Users/aleksandraastaskina/.config/PVS-Studio-Java/7.21.64848/native/mac/libanalysis-core.dylib
2023-05-12 23:46:36 [INFO ] c.p.r.NativeLoader:77 - ********************************
